<?xml version="1.0" encoding="UTF-8"?>
<testng-results skipped="0" failed="0" ignored="0" total="1" passed="1">
  <reporter-output>
  </reporter-output>
  <suite name="Default suite" duration-ms="34" started-at="2021-09-08T20:25:31 EDT" finished-at="2021-09-08T20:25:31 EDT">
    <groups>
    </groups>
    <test name="Default test" duration-ms="34" started-at="2021-09-08T20:25:31 EDT" finished-at="2021-09-08T20:25:31 EDT">
      <class name="learningTestNg2.LearningAnnotation">
        <test-method status="PASS" signature="beforeSuite()[pri:0, instance:learningTestNg2.LearningAnnotation@2b552920]" name="beforeSuite" is-config="true" duration-ms="6" started-at="2021-09-08T20:25:31 EDT" finished-at="2021-09-08T20:25:31 EDT">
          <reporter-output>
          </reporter-output>
        </test-method> <!-- beforeSuite -->
        <test-method status="PASS" signature="beforeTest()[pri:0, instance:learningTestNg2.LearningAnnotation@2b552920]" name="beforeTest" is-config="true" duration-ms="0" started-at="2021-09-08T20:25:31 EDT" finished-at="2021-09-08T20:25:31 EDT">
          <reporter-output>
          </reporter-output>
        </test-method> <!-- beforeTest -->
        <test-method status="PASS" signature="beforeClass()[pri:0, instance:learningTestNg2.LearningAnnotation@2b552920]" name="beforeClass" is-config="true" duration-ms="1" started-at="2021-09-08T20:25:31 EDT" finished-at="2021-09-08T20:25:31 EDT">
          <reporter-output>
          </reporter-output>
        </test-method> <!-- beforeClass -->
        <test-method status="PASS" signature="beforeMethod()[pri:0, instance:learningTestNg2.LearningAnnotation@2b552920]" name="beforeMethod" is-config="true" duration-ms="0" started-at="2021-09-08T20:25:31 EDT" finished-at="2021-09-08T20:25:31 EDT">
          <reporter-output>
          </reporter-output>
        </test-method> <!-- beforeMethod -->
        <test-method status="PASS" signature="test()[pri:0, instance:learningTestNg2.LearningAnnotation@2b552920]" name="test" duration-ms="6" started-at="2021-09-08T20:25:31 EDT" finished-at="2021-09-08T20:25:31 EDT">
          <reporter-output>
          </reporter-output>
        </test-method> <!-- test -->
        <test-method status="PASS" signature="afterMethod()[pri:0, instance:learningTestNg2.LearningAnnotation@2b552920]" name="afterMethod" is-config="true" duration-ms="1" started-at="2021-09-08T20:25:31 EDT" finished-at="2021-09-08T20:25:31 EDT">
          <reporter-output>
          </reporter-output>
        </test-method> <!-- afterMethod -->
        <test-method status="PASS" signature="afterClass()[pri:0, instance:learningTestNg2.LearningAnnotation@2b552920]" name="afterClass" is-config="true" duration-ms="1" started-at="2021-09-08T20:25:31 EDT" finished-at="2021-09-08T20:25:31 EDT">
          <reporter-output>
          </reporter-output>
        </test-method> <!-- afterClass -->
        <test-method status="PASS" signature="afterTest()[pri:0, instance:learningTestNg2.LearningAnnotation@2b552920]" name="afterTest" is-config="true" duration-ms="0" started-at="2021-09-08T20:25:31 EDT" finished-at="2021-09-08T20:25:31 EDT">
          <reporter-output>
          </reporter-output>
        </test-method> <!-- afterTest -->
        <test-method status="PASS" signature="afterSuite()[pri:0, instance:learningTestNg2.LearningAnnotation@2b552920]" name="afterSuite" is-config="true" duration-ms="1" started-at="2021-09-08T20:25:31 EDT" finished-at="2021-09-08T20:25:31 EDT">
          <reporter-output>
          </reporter-output>
        </test-method> <!-- afterSuite -->
      </class> <!-- learningTestNg2.LearningAnnotation -->
    </test> <!-- Default test -->
  </suite> <!-- Default suite -->
</testng-results>
