<?xml version="1.0" encoding="UTF-8"?>
<!-- Generated by org.testng.reporters.JUnitXMLReporter -->
<testsuite hostname="DESKTOP-E69K95O" ignored="0" name="Test1" tests="12" failures="0" timestamp="2021-09-20T19:31:53 EDT" time="19.603" errors="0">
  <testcase name="Signin" time="0.879" classname="com.automationPractice.RegistationOfAutomationPractice"/>
  <testcase name="createaccount" time="3.182" classname="com.automationPractice.RegistationOfAutomationPractice"/>
  <testcase name="createAccountForm" time="0.081" classname="com.automationPractice.RegistationOfAutomationPractice"/>
  <testcase name="firstName" time="0.086" classname="com.automationPractice.RegistationOfAutomationPractice"/>
  <testcase name="lastName" time="0.083" classname="com.automationPractice.RegistationOfAutomationPractice"/>
  <testcase name="password" time="0.095" classname="com.automationPractice.RegistationOfAutomationPractice"/>
  <testcase name="dateOfBirth" time="3.4" classname="com.automationPractice.RegistationOfAutomationPractice"/>
  <testcase name="newsLetter" time="0.057" classname="com.automationPractice.RegistationOfAutomationPractice"/>
  <testcase name="address" time="6.547" classname="com.automationPractice.RegistationOfAutomationPractice"/>
  <testcase name="mobile" time="0.174" classname="com.automationPractice.RegistationOfAutomationPractice"/>
  <testcase name="validateUserAbleToRegister" time="1.171" classname="com.automationPractice.RegistationOfAutomationPractice"/>
  <testcase name="validateUserName" time="0.036" classname="com.automationPractice.RegistationOfAutomationPractice"/>
</testsuite> <!-- Test1 -->
