<?xml version="1.0" encoding="UTF-8"?>
<!-- Generated by org.testng.reporters.JUnitXMLReporter -->
<testsuite hostname="DESKTOP-E69K95O" ignored="0" name="Test2" tests="12" failures="0" timestamp="2021-09-29T17:54:26 EDT" time="0.122" errors="0">
  <testcase name="@BeforeTest initializingBrowser" time="0.076" classname="com.automationPractice.RegistationOfAutomationPractice">
    <failure type="org.openqa.selenium.WebDriverException" message="Failed to connect to binary FirefoxBinary(C:\Program Files\Mozilla Firefox\firefox.exe) on port 7055; process output follows: 
null
Build info: version: &amp;apos;2.53.0&amp;apos;, revision: &amp;apos;35ae25b&amp;apos;, time: &amp;apos;2016-03-15 16:57:40&amp;apos;
System info: host: &amp;apos;DESKTOP-E69K95O&amp;apos;, ip: &amp;apos;192.168.5.67&amp;apos;, os.name: &amp;apos;Windows 10&amp;apos;, os.arch: &amp;apos;amd64&amp;apos;, os.version: &amp;apos;10.0&amp;apos;, java.version: &amp;apos;1.8.0_301&amp;apos;
Driver info: driver.version: FirefoxDriver">
      <![CDATA[org.openqa.selenium.WebDriverException: Failed to connect to binary FirefoxBinary(C:\Program Files\Mozilla Firefox\firefox.exe) on port 7055; process output follows: 
null
Build info: version: '2.53.0', revision: '35ae25b', time: '2016-03-15 16:57:40'
System info: host: 'DESKTOP-E69K95O', ip: '192.168.5.67', os.name: 'Windows 10', os.arch: 'amd64', os.version: '10.0', java.version: '1.8.0_301'
Driver info: driver.version: FirefoxDriver
at org.openqa.selenium.firefox.internal.NewProfileExtensionConnection.start(NewProfileExtensionConnection.java:128)
at org.openqa.selenium.firefox.FirefoxDriver.startClient(FirefoxDriver.java:271)
at org.openqa.selenium.remote.RemoteWebDriver.<init>(RemoteWebDriver.java:119)
at org.openqa.selenium.firefox.FirefoxDriver.<init>(FirefoxDriver.java:218)
at org.openqa.selenium.firefox.FirefoxDriver.<init>(FirefoxDriver.java:211)
at org.openqa.selenium.firefox.FirefoxDriver.<init>(FirefoxDriver.java:207)
at org.openqa.selenium.firefox.FirefoxDriver.<init>(FirefoxDriver.java:120)
at com.automationPractice.RegistationOfAutomationPractice.initializingBrowser(RegistationOfAutomationPractice.java:35)
Caused by: org.openqa.selenium.firefox.UnableToCreateProfileException: java.io.IOException: Can only install from a zip file, an XPI or a directory: C:\Users\Agile1Tech\Desktop\July_2021_workspace\learningTestNg2\driver\geckodriver.exe
Build info: version: '2.53.0', revision: '35ae25b', time: '2016-03-15 16:57:40'
System info: host: 'DESKTOP-E69K95O', ip: '192.168.5.67', os.name: 'Windows 10', os.arch: 'amd64', os.version: '10.0', java.version: '1.8.0_301'
Driver info: driver.version: FirefoxDriver
at org.openqa.selenium.firefox.FirefoxProfile.layoutOnDisk(FirefoxProfile.java:427)
at org.openqa.selenium.firefox.internal.NewProfileExtensionConnection.start(NewProfileExtensionConnection.java:85)
... 31 more
Caused by: java.io.IOException: Can only install from a zip file, an XPI or a directory: C:\Users\Agile1Tech\Desktop\July_2021_workspace\learningTestNg2\driver\geckodriver.exe
at org.openqa.selenium.firefox.internal.FileExtension.writeTo(FileExtension.java:54)
at org.openqa.selenium.firefox.FirefoxProfile.installExtensions(FirefoxProfile.java:443)
at org.openqa.selenium.firefox.FirefoxProfile.layoutOnDisk(FirefoxProfile.java:421)
... 32 more
... Removed 24 stack frames]]>
    </failure>
  </testcase> <!-- @BeforeTest initializingBrowser -->
  <testcase name="@AfterTest closebrowser" time="-1.632952466408E9" classname="com.automationPractice.RegistationOfAutomationPractice">
    <skipped/>
  </testcase> <!-- @AfterTest closebrowser -->
  <testcase name="Signin" time="0.0" classname="com.automationPractice.RegistationOfAutomationPractice">
    <skipped/>
  </testcase> <!-- Signin -->
  <testcase name="createaccount" time="0.0" classname="com.automationPractice.RegistationOfAutomationPractice">
    <skipped/>
  </testcase> <!-- createaccount -->
  <testcase name="createAccountForm" time="0.0" classname="com.automationPractice.RegistationOfAutomationPractice">
    <skipped/>
  </testcase> <!-- createAccountForm -->
  <testcase name="firstName" time="0.0" classname="com.automationPractice.RegistationOfAutomationPractice">
    <skipped/>
  </testcase> <!-- firstName -->
  <testcase name="lastName" time="0.0" classname="com.automationPractice.RegistationOfAutomationPractice">
    <skipped/>
  </testcase> <!-- lastName -->
  <testcase name="password" time="0.0" classname="com.automationPractice.RegistationOfAutomationPractice">
    <skipped/>
  </testcase> <!-- password -->
  <testcase name="dateOfBirth" time="0.0" classname="com.automationPractice.RegistationOfAutomationPractice">
    <skipped/>
  </testcase> <!-- dateOfBirth -->
  <testcase name="newsLetter" time="0.0" classname="com.automationPractice.RegistationOfAutomationPractice">
    <skipped/>
  </testcase> <!-- newsLetter -->
  <testcase name="address" time="0.0" classname="com.automationPractice.RegistationOfAutomationPractice">
    <skipped/>
  </testcase> <!-- address -->
  <testcase name="mobile" time="0.0" classname="com.automationPractice.RegistationOfAutomationPractice">
    <skipped/>
  </testcase> <!-- mobile -->
  <testcase name="validateUserAbleToRegister" time="0.0" classname="com.automationPractice.RegistationOfAutomationPractice">
    <skipped/>
  </testcase> <!-- validateUserAbleToRegister -->
  <testcase name="validateUserName" time="0.0" classname="com.automationPractice.RegistationOfAutomationPractice">
    <skipped/>
  </testcase> <!-- validateUserName -->
</testsuite> <!-- Test2 -->
