<?xml version="1.0" encoding="UTF-8"?>
<!-- Generated by org.testng.reporters.JUnitXMLReporter -->
<testsuite hostname="DESKTOP-E69K95O" ignored="0" name="Test" tests="3" failures="1" timestamp="2021-09-13T21:16:54 EDT" time="12.237" errors="0">
  <testcase name="userName" time="2.15" classname="sauceDemo.SauceDemo_Login"/>
  <testcase name="password" time="2.124" classname="sauceDemo.SauceDemo_Login"/>
  <testcase name="loginButtonClick" time="5.186" classname="sauceDemo.SauceDemo_Login">
    <failure type="junit.framework.ComparisonFailure" message="expected:&amp;lt;...//www.saucedemo.com/[].html&amp;gt; but was:&amp;lt;...//www.saucedemo.com/[inventory].html&amp;gt;">
      <![CDATA[junit.framework.ComparisonFailure: expected:<...//www.saucedemo.com/[].html> but was:<...//www.saucedemo.com/[inventory].html>
at junit.framework.Assert.assertEquals(Assert.java:100)
at junit.framework.Assert.assertEquals(Assert.java:107)
at sauceDemo.SauceDemo_Login.loginButtonClick(SauceDemo_Login.java:50)
at java.util.ArrayList.forEach(Unknown Source)
... Removed 27 stack frames]]>
    </failure>
  </testcase> <!-- loginButtonClick -->
</testsuite> <!-- Test -->
