<?xml version="1.0" encoding="UTF-8"?>
<!-- Generated by org.testng.reporters.JUnitXMLReporter -->
<testsuite hostname="DESKTOP-E69K95O" ignored="1" name="Default test" tests="1" failures="0" timestamp="2021-09-08T21:25:52 EDT" time="6.284" errors="0">
  <testcase name="weadingHeader" time="3.055" classname="learningTestNg2.YahooSignUpPage"/>
  <testcase name="sendingText" time="0.0" classname="learningTestNg2.YahooSignUpPage">
    <ignored/>
  </testcase> <!-- sendingText -->
</testsuite> <!-- Default test -->
