<?xml version="1.0" encoding="UTF-8"?>
<!-- Generated by org.testng.reporters.JUnitXMLReporter -->
<testsuite hostname="DESKTOP-E69K95O" ignored="0" name="Default test" tests="4" failures="0" timestamp="2021-09-15T20:45:50 EDT" time="0.048" errors="0">
  <testcase name="TestA" time="0.008" classname="sauceDemo.dependOn"/>
  <testcase name="TestB" time="0.002" classname="sauceDemo.dependOn"/>
  <testcase name="TestC" time="0.001" classname="sauceDemo.dependOn"/>
  <testcase name="TestD" time="0.002" classname="sauceDemo.dependOn"/>
</testsuite> <!-- Default test -->
